<?xml version="1.0" encoding="UTF-8"?>
<!-- Generated by org.testng.reporters.JUnitXMLReporter -->
<testsuite hostname="DataScienceCenter" ignored="0" name="Default test" tests="3" failures="0" timestamp="2020-01-17T00:30:08 EST" time="0.046" errors="0">
  <testcase name="test1" time="0.008" classname="com.class01.Task1"/>
  <testcase name="test2" time="0.001" classname="com.class01.Task1"/>
  <testcase name="test3" time="0.001" classname="com.class01.Task1"/>
</testsuite> <!-- Default test -->
