<?xml version="1.0" encoding="UTF-8"?>
<!-- Generated by org.testng.reporters.JUnitXMLReporter -->
<testsuite hostname="DataScienceCenter" ignored="0" name="Test" tests="6" failures="0" timestamp="2020-01-14T00:23:32 EST" time="35.805" errors="0">
  <testcase name="loginValidation" time="2.081" classname="com.class01.TitleLogoAndLoginVerification"/>
  <testcase name="logoValidation" time="0.093" classname="com.class01.TitleLogoAndLoginVerification"/>
  <testcase name="titleValidation" time="0.008" classname="com.class01.TitleLogoAndLoginVerification"/>
  <testcase name="testOne" time="0.004" classname="com.class01.TestNGDemo"/>
  <testcase name="testThree" time="0.003" classname="com.class01.TestNGDemo"/>
  <testcase name="testTwo" time="0.004" classname="com.class01.TestNGDemo"/>
</testsuite> <!-- Test -->
