<?xml version="1.0" encoding="UTF-8"?>
<!-- Generated by org.testng.reporters.JUnitXMLReporter -->
<testsuite hostname="DataScienceCenter" ignored="0" name="Test1" tests="4" failures="0" timestamp="2020-01-14T14:41:44 EST" time="0.049" errors="0">
  <testcase name="test1" time="0.01" classname="com.class02.TestNGGroupsDemo"/>
  <testcase name="test2" time="0.002" classname="com.class02.TestNGGroupsDemo"/>
  <testcase name="test3" time="0.0" classname="com.class02.TestNGGroupsDemo"/>
  <testcase name="test4" time="0.001" classname="com.class02.TestNGGroupsDemo"/>
</testsuite> <!-- Test1 -->
