<?xml version="1.0" encoding="UTF-8"?>
<!-- Generated by org.testng.reporters.JUnitXMLReporter -->
<testsuite hostname="DataScienceCenter" ignored="0" name="Regression Test" tests="2" failures="1" timestamp="2020-01-17T18:33:08 EST" time="0.046" errors="0">
  <testcase name="test1" time="0.01" classname="com.class04.ListenersDemo"/>
  <testcase name="test1" time="0.025" classname="com.class04.ListenersDemo">
    <failure type="java.lang.NullPointerException">
      <![CDATA[java.lang.NullPointerException
at com.utils.CommonMethods.takeScreenshot(CommonMethods.java:177)
at com.utils.Listener.onTestSuccess(Listener.java:14)
at java.util.ArrayList.forEach(Unknown Source)
... Removed 24 stack frames]]>
    </failure>
  </testcase> <!-- test1 -->
</testsuite> <!-- Regression Test -->
