<?xml version="1.0" encoding="UTF-8"?>
<!-- Generated by org.testng.reporters.JUnitXMLReporter -->
<testsuite hostname="DataScienceCenter" ignored="3" tests="0" failures="0" timestamp="2020-01-16T20:57:42 EST" time="0.008" errors="0">
  <testcase name="test2" time="0.0" classname="com.class04.ListenerDemo">
    <ignored/>
  </testcase> <!-- test2 -->
  <testcase name="test3" time="0.0" classname="com.class04.ListenerDemo">
    <ignored/>
  </testcase> <!-- test3 -->
  <testcase name="test1" time="0.0" classname="com.class04.ListenerDemo">
    <ignored/>
  </testcase> <!-- test1 -->
</testsuite>
